(0000) 3000  0011000000000000 (   1)                 .ORIG x3000
(3000) ECEC  1110110011101100 (   3)                 LEA   R6 StackEnd
(3001) 2286  0010001010000110 (   4)                 LD    R1 B
(3002) 1DBF  0001110110111111 (   6)                 ADD   R6 R6 #-1
(3003) 7380  0111001110000000 (   7)                 STR   R1 R6 #0
(3004) 2282  0010001010000010 (  10)                 LD    R1 A
(3005) 1DBF  0001110110111111 (  11)                 ADD   R6 R6 #-1
(3006) 7380  0111001110000000 (  12)                 STR   R1 R6 #0
(3007) 480D  0100100000001101 (  14)                 JSR   XOR
(3008) 1DA2  0001110110100010 (  15)                 ADD   R6 R6 #2
(3009) F025  1111000000100101 (  16)                 TRAP  x25
(300A) 1DBF  0001110110111111 (  19) OR              ADD   R6 R6 #-1
(300B) 7380  0111001110000000 (  20)                 STR   R1 R6 #0
(300C) 6181  0110000110000001 (  21)                 LDR   R0 R6 #1
(300D) 903F  1001000000111111 (  22)                 NOT   R0 R0
(300E) 6382  0110001110000010 (  23)                 LDR   R1 R6 #2
(300F) 927F  1001001001111111 (  24)                 NOT   R1 R1
(3010) 5001  0101000000000001 (  25)                 AND   R0 R0 R1
(3011) 903F  1001000000111111 (  26)                 NOT   R0 R0
(3012) 6380  0110001110000000 (  28)                 LDR   R1 R6 #0
(3013) 1DA1  0001110110100001 (  29)                 ADD   R6 R6 #1
(3014) C1C0  1100000111000000 (  30)                 RET   
(3015) 1DBF  0001110110111111 (  35) XOR             ADD   R6 R6 #-1
(3016) 7380  0111001110000000 (  36)                 STR   R1 R6 #0
(3017) 1DBF  0001110110111111 (  37)                 ADD   R6 R6 #-1
(3018) 7580  0111010110000000 (  38)                 STR   R2 R6 #0
(3019) 1DBF  0001110110111111 (  39)                 ADD   R6 R6 #-1
(301A) 7780  0111011110000000 (  40)                 STR   R3 R6 #0
(301B) 1DBF  0001110110111111 (  41)                 ADD   R6 R6 #-1
(301C) 7980  0111100110000000 (  42)                 STR   R4 R6 #0
(301D) 1DBF  0001110110111111 (  43)                 ADD   R6 R6 #-1
(301E) 7B80  0111101110000000 (  44)                 STR   R5 R6 #0
(301F) 6185  0110000110000101 (  46)                 LDR   R0 R6 #5
(3020) 983F  1001100000111111 (  47)                 NOT   R4 R0
(3021) 6386  0110001110000110 (  48)                 LDR   R1 R6 #6
(3022) 9A7F  1001101001111111 (  49)                 NOT   R5 R1
(3023) 5A05  0101101000000101 (  51)                 AND   R5 R0 R5
(3024) 5844  0101100001000100 (  52)                 AND   R4 R1 R4
(3025) 9B7F  1001101101111111 (  53)                 NOT   R5 R5
(3026) 993F  1001100100111111 (  54)                 NOT   R4 R4
(3027) 5905  0101100100000101 (  55)                 AND   R4 R4 R5
(3028) 913F  1001000100111111 (  56)                 NOT   R0 R4
(3029) 6B80  0110101110000000 (  59)                 LDR   R5 R6 #0
(302A) 1DA1  0001110110100001 (  60)                 ADD   R6 R6 #1
(302B) 6980  0110100110000000 (  61)                 LDR   R4 R6 #0
(302C) 1DA1  0001110110100001 (  62)                 ADD   R6 R6 #1
(302D) 6780  0110011110000000 (  63)                 LDR   R3 R6 #0
(302E) 1DA1  0001110110100001 (  64)                 ADD   R6 R6 #1
(302F) 6580  0110010110000000 (  65)                 LDR   R2 R6 #0
(3030) 1DA1  0001110110100001 (  66)                 ADD   R6 R6 #1
(3031) 6380  0110001110000000 (  67)                 LDR   R1 R6 #0
(3032) 1DA1  0001110110100001 (  68)                 ADD   R6 R6 #1
(3033) C1C0  1100000111000000 (  69)                 RET   
(3034) 1DBF  0001110110111111 (  74) SHIFTR          ADD   R6 R6 #-1
(3035) 7380  0111001110000000 (  75)                 STR   R1 R6 #0
(3036) 1DBF  0001110110111111 (  76)                 ADD   R6 R6 #-1
(3037) 7580  0111010110000000 (  77)                 STR   R2 R6 #0
(3038) 1DBF  0001110110111111 (  78)                 ADD   R6 R6 #-1
(3039) 7780  0111011110000000 (  79)                 STR   R3 R6 #0
(303A) 1DBF  0001110110111111 (  80)                 ADD   R6 R6 #-1
(303B) 7980  0111100110000000 (  81)                 STR   R4 R6 #0
(303C) 6384  0110001110000100 (  83)                 LDR   R1 R6 #4
(303D) 5420  0101010000100000 (  84)                 AND   R2 R0 #0
(303E) 5620  0101011000100000 (  85)                 AND   R3 R0 #0
(303F) 14A2  0001010010100010 (  86)                 ADD   R2 R2 #2
(3040) 1921  0001100100100001 (  87)                 ADD   R4 R4 #1
(3041) 5642  0101011001000010 (  90) SRLOOP          AND   R3 R1 R2
(3042) 0401  0000010000000001 (  93)                 BRZ   ADDING
(3043) 1100  0001000100000000 (  94)                 ADD   R0 R4 R0
(3044) 1904  0001100100000100 (  97) ADDING          ADD   R4 R4 R4
(3045) 1482  0001010010000010 (  98)                 ADD   R2 R2 R2
(3046) 0BFA  0000101111111010 (  99)                 BRNP  SRLOOP
(3047) 6980  0110100110000000 ( 102)                 LDR   R4 R6 #0
(3048) 1DA1  0001110110100001 ( 103)                 ADD   R6 R6 #1
(3049) 6780  0110011110000000 ( 104)                 LDR   R3 R6 #0
(304A) 1DA1  0001110110100001 ( 105)                 ADD   R6 R6 #1
(304B) 6580  0110010110000000 ( 106)                 LDR   R2 R6 #0
(304C) 1DA1  0001110110100001 ( 107)                 ADD   R6 R6 #1
(304D) 6380  0110001110000000 ( 108)                 LDR   R1 R6 #0
(304E) 1DA1  0001110110100001 ( 109)                 ADD   R6 R6 #1
(304F) C1C0  1100000111000000 ( 110)                 RET   
(3050) 6180  0110000110000000 ( 113) SHIFTL          LDR   R0 R6 #0
(3051) 1000  0001000000000000 ( 114)                 ADD   R0 R0 R0
(3052) C1C0  1100000111000000 ( 115)                 RET   
(3053) 1DBF  0001110110111111 ( 121) SHIFTRV         ADD   R6 R6 #-1
(3054) 7380  0111001110000000 ( 122)                 STR   R1 R6 #0
(3055) 1DBF  0001110110111111 ( 123)                 ADD   R6 R6 #-1
(3056) 7580  0111010110000000 ( 124)                 STR   R2 R6 #0
(3057) 1DBF  0001110110111111 ( 125)                 ADD   R6 R6 #-1
(3058) 7780  0111011110000000 ( 126)                 STR   R3 R6 #0
(3059) 1DBF  0001110110111111 ( 127)                 ADD   R6 R6 #-1
(305A) 7980  0111100110000000 ( 128)                 STR   R4 R6 #0
(305B) 1DBF  0001110110111111 ( 129)                 ADD   R6 R6 #-1
(305C) 7B80  0111101110000000 ( 130)                 STR   R5 R6 #0
(305D) 6B86  0110101110000110 ( 133)                 LDR   R5 R6 #6
(305E) 6185  0110000110000101 ( 134)                 LDR   R0 R6 #5
(305F) 5420  0101010000100000 ( 135)                 AND   R2 R0 #0
(3060) 5620  0101011000100000 ( 136)                 AND   R3 R0 #0
(3061) 5220  0101001000100000 ( 137)                 AND   R1 R0 #0
(3062) 1220  0001001000100000 ( 140) DO_TOP2         ADD   R1 R0 #0
(3063) 5020  0101000000100000 ( 141)                 AND   R0 R0 #0
(3064) 14A2  0001010010100010 ( 142)                 ADD   R2 R2 #2
(3065) 1921  0001100100100001 ( 143)                 ADD   R4 R4 #1
(3066) 5642  0101011001000010 ( 146) SRLOOP2         AND   R3 R1 R2
(3067) 0401  0000010000000001 ( 149)                 BRZ   ADDING2
(3068) 1100  0001000100000000 ( 150)                 ADD   R0 R4 R0
(3069) 1904  0001100100000100 ( 153) ADDING2         ADD   R4 R4 R4
(306A) 1482  0001010010000010 ( 154)                 ADD   R2 R2 R2
(306B) 0BFA  0000101111111010 ( 155)                 BRNP  SRLOOP2
(306C) 5420  0101010000100000 ( 157)                 AND   R2 R0 #0
(306D) 5620  0101011000100000 ( 158)                 AND   R3 R0 #0
(306E) 5220  0101001000100000 ( 159)                 AND   R1 R0 #0
(306F) 5820  0101100000100000 ( 160)                 AND   R4 R0 #0
(3070) 1B7F  0001101101111111 ( 161)                 ADD   R5 R5 #-1
(3071) 03F0  0000001111110000 ( 162)                 BRP   DO_TOP2
(3072) 6B80  0110101110000000 ( 164)                 LDR   R5 R6 #0
(3073) 1DA1  0001110110100001 ( 165)                 ADD   R6 R6 #1
(3074) 6980  0110100110000000 ( 166)                 LDR   R4 R6 #0
(3075) 1DA1  0001110110100001 ( 167)                 ADD   R6 R6 #1
(3076) 6780  0110011110000000 ( 168)                 LDR   R3 R6 #0
(3077) 1DA1  0001110110100001 ( 169)                 ADD   R6 R6 #1
(3078) 6580  0110010110000000 ( 170)                 LDR   R2 R6 #0
(3079) 1DA1  0001110110100001 ( 171)                 ADD   R6 R6 #1
(307A) 6380  0110001110000000 ( 172)                 LDR   R1 R6 #0
(307B) 1DA1  0001110110100001 ( 173)                 ADD   R6 R6 #1
(307C) C1C0  1100000111000000 ( 175)                 RET   
(307D) 1DBF  0001110110111111 ( 180) SHIFTLV         ADD   R6 R6 #-1
(307E) 7380  0111001110000000 ( 181)                 STR   R1 R6 #0
(307F) 6382  0110001110000010 ( 183)                 LDR   R1 R6 #2
(3080) 6181  0110000110000001 ( 184)                 LDR   R0 R6 #1
(3081) 1000  0001000000000000 ( 187) DO_TOP          ADD   R0 R0 R0
(3082) 127F  0001001001111111 ( 188)                 ADD   R1 R1 #-1
(3083) 03FD  0000001111111101 ( 189)                 BRP   DO_TOP
(3084) 6380  0110001110000000 ( 191)                 LDR   R1 R6 #0
(3085) 1DA1  0001110110100001 ( 192)                 ADD   R6 R6 #1
(3086) C1C0  1100000111000000 ( 193)                 RET   
(3087) 0003  0000000000000011 ( 197) A               .FILL x0003
(3088) 0002  0000000000000010 ( 198) B               .FILL x0002
(3089) 0000  0000000000000000 ( 200) Stack           .FILL x0000
(308A) 0000  0000000000000000 ( 200)                 .FILL x0000
(308B) 0000  0000000000000000 ( 200)                 .FILL x0000
(308C) 0000  0000000000000000 ( 200)                 .FILL x0000
(308D) 0000  0000000000000000 ( 200)                 .FILL x0000
(308E) 0000  0000000000000000 ( 200)                 .FILL x0000
(308F) 0000  0000000000000000 ( 200)                 .FILL x0000
(3090) 0000  0000000000000000 ( 200)                 .FILL x0000
(3091) 0000  0000000000000000 ( 200)                 .FILL x0000
(3092) 0000  0000000000000000 ( 200)                 .FILL x0000
(3093) 0000  0000000000000000 ( 200)                 .FILL x0000
(3094) 0000  0000000000000000 ( 200)                 .FILL x0000
(3095) 0000  0000000000000000 ( 200)                 .FILL x0000
(3096) 0000  0000000000000000 ( 200)                 .FILL x0000
(3097) 0000  0000000000000000 ( 200)                 .FILL x0000
(3098) 0000  0000000000000000 ( 200)                 .FILL x0000
(3099) 0000  0000000000000000 ( 200)                 .FILL x0000
(309A) 0000  0000000000000000 ( 200)                 .FILL x0000
(309B) 0000  0000000000000000 ( 200)                 .FILL x0000
(309C) 0000  0000000000000000 ( 200)                 .FILL x0000
(309D) 0000  0000000000000000 ( 200)                 .FILL x0000
(309E) 0000  0000000000000000 ( 200)                 .FILL x0000
(309F) 0000  0000000000000000 ( 200)                 .FILL x0000
(30A0) 0000  0000000000000000 ( 200)                 .FILL x0000
(30A1) 0000  0000000000000000 ( 200)                 .FILL x0000
(30A2) 0000  0000000000000000 ( 200)                 .FILL x0000
(30A3) 0000  0000000000000000 ( 200)                 .FILL x0000
(30A4) 0000  0000000000000000 ( 200)                 .FILL x0000
(30A5) 0000  0000000000000000 ( 200)                 .FILL x0000
(30A6) 0000  0000000000000000 ( 200)                 .FILL x0000
(30A7) 0000  0000000000000000 ( 200)                 .FILL x0000
(30A8) 0000  0000000000000000 ( 200)                 .FILL x0000
(30A9) 0000  0000000000000000 ( 200)                 .FILL x0000
(30AA) 0000  0000000000000000 ( 200)                 .FILL x0000
(30AB) 0000  0000000000000000 ( 200)                 .FILL x0000
(30AC) 0000  0000000000000000 ( 200)                 .FILL x0000
(30AD) 0000  0000000000000000 ( 200)                 .FILL x0000
(30AE) 0000  0000000000000000 ( 200)                 .FILL x0000
(30AF) 0000  0000000000000000 ( 200)                 .FILL x0000
(30B0) 0000  0000000000000000 ( 200)                 .FILL x0000
(30B1) 0000  0000000000000000 ( 200)                 .FILL x0000
(30B2) 0000  0000000000000000 ( 200)                 .FILL x0000
(30B3) 0000  0000000000000000 ( 200)                 .FILL x0000
(30B4) 0000  0000000000000000 ( 200)                 .FILL x0000
(30B5) 0000  0000000000000000 ( 200)                 .FILL x0000
(30B6) 0000  0000000000000000 ( 200)                 .FILL x0000
(30B7) 0000  0000000000000000 ( 200)                 .FILL x0000
(30B8) 0000  0000000000000000 ( 200)                 .FILL x0000
(30B9) 0000  0000000000000000 ( 200)                 .FILL x0000
(30BA) 0000  0000000000000000 ( 200)                 .FILL x0000
(30BB) 0000  0000000000000000 ( 200)                 .FILL x0000
(30BC) 0000  0000000000000000 ( 200)                 .FILL x0000
(30BD) 0000  0000000000000000 ( 200)                 .FILL x0000
(30BE) 0000  0000000000000000 ( 200)                 .FILL x0000
(30BF) 0000  0000000000000000 ( 200)                 .FILL x0000
(30C0) 0000  0000000000000000 ( 200)                 .FILL x0000
(30C1) 0000  0000000000000000 ( 200)                 .FILL x0000
(30C2) 0000  0000000000000000 ( 200)                 .FILL x0000
(30C3) 0000  0000000000000000 ( 200)                 .FILL x0000
(30C4) 0000  0000000000000000 ( 200)                 .FILL x0000
(30C5) 0000  0000000000000000 ( 200)                 .FILL x0000
(30C6) 0000  0000000000000000 ( 200)                 .FILL x0000
(30C7) 0000  0000000000000000 ( 200)                 .FILL x0000
(30C8) 0000  0000000000000000 ( 200)                 .FILL x0000
(30C9) 0000  0000000000000000 ( 200)                 .FILL x0000
(30CA) 0000  0000000000000000 ( 200)                 .FILL x0000
(30CB) 0000  0000000000000000 ( 200)                 .FILL x0000
(30CC) 0000  0000000000000000 ( 200)                 .FILL x0000
(30CD) 0000  0000000000000000 ( 200)                 .FILL x0000
(30CE) 0000  0000000000000000 ( 200)                 .FILL x0000
(30CF) 0000  0000000000000000 ( 200)                 .FILL x0000
(30D0) 0000  0000000000000000 ( 200)                 .FILL x0000
(30D1) 0000  0000000000000000 ( 200)                 .FILL x0000
(30D2) 0000  0000000000000000 ( 200)                 .FILL x0000
(30D3) 0000  0000000000000000 ( 200)                 .FILL x0000
(30D4) 0000  0000000000000000 ( 200)                 .FILL x0000
(30D5) 0000  0000000000000000 ( 200)                 .FILL x0000
(30D6) 0000  0000000000000000 ( 200)                 .FILL x0000
(30D7) 0000  0000000000000000 ( 200)                 .FILL x0000
(30D8) 0000  0000000000000000 ( 200)                 .FILL x0000
(30D9) 0000  0000000000000000 ( 200)                 .FILL x0000
(30DA) 0000  0000000000000000 ( 200)                 .FILL x0000
(30DB) 0000  0000000000000000 ( 200)                 .FILL x0000
(30DC) 0000  0000000000000000 ( 200)                 .FILL x0000
(30DD) 0000  0000000000000000 ( 200)                 .FILL x0000
(30DE) 0000  0000000000000000 ( 200)                 .FILL x0000
(30DF) 0000  0000000000000000 ( 200)                 .FILL x0000
(30E0) 0000  0000000000000000 ( 200)                 .FILL x0000
(30E1) 0000  0000000000000000 ( 200)                 .FILL x0000
(30E2) 0000  0000000000000000 ( 200)                 .FILL x0000
(30E3) 0000  0000000000000000 ( 200)                 .FILL x0000
(30E4) 0000  0000000000000000 ( 200)                 .FILL x0000
(30E5) 0000  0000000000000000 ( 200)                 .FILL x0000
(30E6) 0000  0000000000000000 ( 200)                 .FILL x0000
(30E7) 0000  0000000000000000 ( 200)                 .FILL x0000
(30E8) 0000  0000000000000000 ( 200)                 .FILL x0000
(30E9) 0000  0000000000000000 ( 200)                 .FILL x0000
(30EA) 0000  0000000000000000 ( 200)                 .FILL x0000
(30EB) 0000  0000000000000000 ( 200)                 .FILL x0000
(30EC) 0000  0000000000000000 ( 200)                 .FILL x0000
(30ED) 0000  0000000000000000 ( 200) StackEnd        .FILL x0000
