(0000) 3000  0011000000000000 (   5)                 .ORIG x3000
(3000) 2A24  0010101000100100 (   6)                 LD    R5 QHEAD
(3001) 2C24  0010110000100100 (   7)                 LD    R6 QTAIL
(3002) 2621  0010011000100001 (   8)                 LD    R3 BUFFERCT
(3003) 281F  0010100000011111 (   9)                 LD    R4 BFRSIZE
(3004) E493  1110010010010011 (  10)                 LEA   R2 POOLPTR
(3005) E021  1110000000100001 (  13)                 LEA   R0 initprompt
(3006) F022  1111000000100010 (  14)                 TRAP  x22
(3007) 5020  0101000000100000 (  15)                 AND   R0 R0 #0
(3008) 102A  0001000000101010 (  16)                 ADD   R0 R0 #10
(3009) F021  1111000000100001 (  17)                 TRAP  x21
(300A) 49CE  0100100111001110 (  18)                 JSR   INITPOOL
(300B) E042  1110000001000010 (  19)                 LEA   R0 initsuccess
(300C) F022  1111000000100010 (  20)                 TRAP  x22
(300D) 5020  0101000000100000 (  21)                 AND   R0 R0 #0
(300E) 102A  0001000000101010 (  22)                 ADD   R0 R0 #10
(300F) F021  1111000000100001 (  23)                 TRAP  x21
(3010) 49D3  0100100111010011 (  27)                 JSR   GETBUFFER
(3011) 49D8  0100100111011000 (  28)                 JSR   ENQUEUE
(3012) 49E2  0100100111100010 (  29)                 JSR   DEQUEUE
(3013) 49EA  0100100111101010 (  30)                 JSR   FREEBUFFER
(3014) 49CF  0100100111001111 (  33)                 JSR   GETBUFFER
(3015) 2066  0010000001100110 (  34)                 LD    R0 String2
(3016) 7080  0111000010000000 (  35)                 STR   R0 R2 #0
(3017) 49D2  0100100111010010 (  36)                 JSR   ENQUEUE
(3018) 49CB  0100100111001011 (  37)                 JSR   GETBUFFER
(3019) 204A  0010000001001010 (  38)                 LD    R0 String1
(301A) 7080  0111000010000000 (  39)                 STR   R0 R2 #0
(301B) 49CE  0100100111001110 (  40)                 JSR   ENQUEUE
(301C) 49D8  0100100111011000 (  41)                 JSR   DEQUEUE
(301D) F022  1111000000100010 (  42)                 TRAP  x22
(301E) 49DF  0100100111011111 (  43)                 JSR   FREEBUFFER
(301F) 49D5  0100100111010101 (  44)                 JSR   DEQUEUE
(3020) F022  1111000000100010 (  45)                 TRAP  x22
(3021) 49DC  0100100111011100 (  46)                 JSR   FREEBUFFER
(3022) F025  1111000000100101 (  47)                 TRAP  x25
(3023) 0010  0000000000010000 (  49) BFRSIZE         .FILL x0010
(3024) 0014  0000000000010100 (  50) BUFFERCT        .FILL x0014
(3025) 0000  0000000000000000 (  51) QHEAD           .FILL x0000
(3026) 0000  0000000000000000 (  52) QTAIL           .FILL x0000
(3027) 0049  0000000001001001 (  53) initprompt      .FILL x0049
(3028) 006E  0000000001101110 (  53)                 .FILL x006E
(3029) 0069  0000000001101001 (  53)                 .FILL x0069
(302A) 0074  0000000001110100 (  53)                 .FILL x0074
(302B) 0069  0000000001101001 (  53)                 .FILL x0069
(302C) 0061  0000000001100001 (  53)                 .FILL x0061
(302D) 006C  0000000001101100 (  53)                 .FILL x006C
(302E) 0069  0000000001101001 (  53)                 .FILL x0069
(302F) 007A  0000000001111010 (  53)                 .FILL x007A
(3030) 0069  0000000001101001 (  53)                 .FILL x0069
(3031) 006E  0000000001101110 (  53)                 .FILL x006E
(3032) 0067  0000000001100111 (  53)                 .FILL x0067
(3033) 0020  0000000000100000 (  53)                 .FILL x0020
(3034) 0061  0000000001100001 (  53)                 .FILL x0061
(3035) 0020  0000000000100000 (  53)                 .FILL x0020
(3036) 0070  0000000001110000 (  53)                 .FILL x0070
(3037) 006F  0000000001101111 (  53)                 .FILL x006F
(3038) 006F  0000000001101111 (  53)                 .FILL x006F
(3039) 006C  0000000001101100 (  53)                 .FILL x006C
(303A) 0020  0000000000100000 (  53)                 .FILL x0020
(303B) 006F  0000000001101111 (  53)                 .FILL x006F
(303C) 0066  0000000001100110 (  53)                 .FILL x0066
(303D) 0020  0000000000100000 (  53)                 .FILL x0020
(303E) 004C  0000000001001100 (  53)                 .FILL x004C
(303F) 0043  0000000001000011 (  53)                 .FILL x0043
(3040) 0033  0000000000110011 (  53)                 .FILL x0033
(3041) 0020  0000000000100000 (  53)                 .FILL x0020
(3042) 0062  0000000001100010 (  53)                 .FILL x0062
(3043) 0075  0000000001110101 (  53)                 .FILL x0075
(3044) 0066  0000000001100110 (  53)                 .FILL x0066
(3045) 0066  0000000001100110 (  53)                 .FILL x0066
(3046) 0065  0000000001100101 (  53)                 .FILL x0065
(3047) 0072  0000000001110010 (  53)                 .FILL x0072
(3048) 0073  0000000001110011 (  53)                 .FILL x0073
(3049) 0020  0000000000100000 (  53)                 .FILL x0020
(304A) 002E  0000000000101110 (  53)                 .FILL x002E
(304B) 002E  0000000000101110 (  53)                 .FILL x002E
(304C) 002E  0000000000101110 (  53)                 .FILL x002E
(304D) 0000  0000000000000000 (  53)                 .FILL x0000
(304E) 004F  0000000001001111 (  54) initsuccess     .FILL x004F
(304F) 004B  0000000001001011 (  54)                 .FILL x004B
(3050) 002C  0000000000101100 (  54)                 .FILL x002C
(3051) 0020  0000000000100000 (  54)                 .FILL x0020
(3052) 0070  0000000001110000 (  54)                 .FILL x0070
(3053) 006F  0000000001101111 (  54)                 .FILL x006F
(3054) 006F  0000000001101111 (  54)                 .FILL x006F
(3055) 006C  0000000001101100 (  54)                 .FILL x006C
(3056) 0020  0000000000100000 (  54)                 .FILL x0020
(3057) 0069  0000000001101001 (  54)                 .FILL x0069
(3058) 006E  0000000001101110 (  54)                 .FILL x006E
(3059) 0069  0000000001101001 (  54)                 .FILL x0069
(305A) 0074  0000000001110100 (  54)                 .FILL x0074
(305B) 0069  0000000001101001 (  54)                 .FILL x0069
(305C) 0061  0000000001100001 (  54)                 .FILL x0061
(305D) 006C  0000000001101100 (  54)                 .FILL x006C
(305E) 0069  0000000001101001 (  54)                 .FILL x0069
(305F) 007A  0000000001111010 (  54)                 .FILL x007A
(3060) 0065  0000000001100101 (  54)                 .FILL x0065
(3061) 0064  0000000001100100 (  54)                 .FILL x0064
(3062) 002E  0000000000101110 (  54)                 .FILL x002E
(3063) 0000  0000000000000000 (  54)                 .FILL x0000
(3064) 004F  0000000001001111 (  55) String1         .FILL x004F
(3065) 006E  0000000001101110 (  55)                 .FILL x006E
(3066) 0065  0000000001100101 (  55)                 .FILL x0065
(3067) 0020  0000000000100000 (  55)                 .FILL x0020
(3068) 0073  0000000001110011 (  55)                 .FILL x0073
(3069) 006D  0000000001101101 (  55)                 .FILL x006D
(306A) 0061  0000000001100001 (  55)                 .FILL x0061
(306B) 006C  0000000001101100 (  55)                 .FILL x006C
(306C) 006C  0000000001101100 (  55)                 .FILL x006C
(306D) 0020  0000000000100000 (  55)                 .FILL x0020
(306E) 0073  0000000001110011 (  55)                 .FILL x0073
(306F) 0074  0000000001110100 (  55)                 .FILL x0074
(3070) 0065  0000000001100101 (  55)                 .FILL x0065
(3071) 0070  0000000001110000 (  55)                 .FILL x0070
(3072) 0020  0000000000100000 (  55)                 .FILL x0020
(3073) 0066  0000000001100110 (  55)                 .FILL x0066
(3074) 006F  0000000001101111 (  55)                 .FILL x006F
(3075) 0072  0000000001110010 (  55)                 .FILL x0072
(3076) 0020  0000000000100000 (  55)                 .FILL x0020
(3077) 006D  0000000001101101 (  55)                 .FILL x006D
(3078) 0061  0000000001100001 (  55)                 .FILL x0061
(3079) 006E  0000000001101110 (  55)                 .FILL x006E
(307A) 002E  0000000000101110 (  55)                 .FILL x002E
(307B) 0000  0000000000000000 (  55)                 .FILL x0000
(307C) 004F  0000000001001111 (  56) String2         .FILL x004F
(307D) 006E  0000000001101110 (  56)                 .FILL x006E
(307E) 0065  0000000001100101 (  56)                 .FILL x0065
(307F) 0020  0000000000100000 (  56)                 .FILL x0020
(3080) 0067  0000000001100111 (  56)                 .FILL x0067
(3081) 0069  0000000001101001 (  56)                 .FILL x0069
(3082) 0061  0000000001100001 (  56)                 .FILL x0061
(3083) 006E  0000000001101110 (  56)                 .FILL x006E
(3084) 0074  0000000001110100 (  56)                 .FILL x0074
(3085) 0020  0000000000100000 (  56)                 .FILL x0020
(3086) 0073  0000000001110011 (  56)                 .FILL x0073
(3087) 0074  0000000001110100 (  56)                 .FILL x0074
(3088) 0065  0000000001100101 (  56)                 .FILL x0065
(3089) 0070  0000000001110000 (  56)                 .FILL x0070
(308A) 0020  0000000000100000 (  56)                 .FILL x0020
(308B) 0066  0000000001100110 (  56)                 .FILL x0066
(308C) 006F  0000000001101111 (  56)                 .FILL x006F
(308D) 0072  0000000001110010 (  56)                 .FILL x0072
(308E) 0020  0000000000100000 (  56)                 .FILL x0020
(308F) 006D  0000000001101101 (  56)                 .FILL x006D
(3090) 0061  0000000001100001 (  56)                 .FILL x0061
(3091) 006E  0000000001101110 (  56)                 .FILL x006E
(3092) 006B  0000000001101011 (  56)                 .FILL x006B
(3093) 0069  0000000001101001 (  56)                 .FILL x0069
(3094) 006E  0000000001101110 (  56)                 .FILL x006E
(3095) 0064  0000000001100100 (  56)                 .FILL x0064
(3096) 002E  0000000000101110 (  56)                 .FILL x002E
(3097) 0000  0000000000000000 (  56)                 .FILL x0000
(3098) 0000  0000000000000000 (  57) POOLPTR         .FILL x0000
(3099) 0000  0000000000000000 (  65) POOLAREA        .FILL x0000
(309A) 0000  0000000000000000 (  65)                 .FILL x0000
(309B) 0000  0000000000000000 (  65)                 .FILL x0000
(309C) 0000  0000000000000000 (  65)                 .FILL x0000
(309D) 0000  0000000000000000 (  65)                 .FILL x0000
(309E) 0000  0000000000000000 (  65)                 .FILL x0000
(309F) 0000  0000000000000000 (  65)                 .FILL x0000
(30A0) 0000  0000000000000000 (  65)                 .FILL x0000
(30A1) 0000  0000000000000000 (  65)                 .FILL x0000
(30A2) 0000  0000000000000000 (  65)                 .FILL x0000
(30A3) 0000  0000000000000000 (  65)                 .FILL x0000
(30A4) 0000  0000000000000000 (  65)                 .FILL x0000
(30A5) 0000  0000000000000000 (  65)                 .FILL x0000
(30A6) 0000  0000000000000000 (  65)                 .FILL x0000
(30A7) 0000  0000000000000000 (  65)                 .FILL x0000
(30A8) 0000  0000000000000000 (  65)                 .FILL x0000
(30A9) 0000  0000000000000000 (  65)                 .FILL x0000
(30AA) 0000  0000000000000000 (  65)                 .FILL x0000
(30AB) 0000  0000000000000000 (  65)                 .FILL x0000
(30AC) 0000  0000000000000000 (  65)                 .FILL x0000
(30AD) 0000  0000000000000000 (  65)                 .FILL x0000
(30AE) 0000  0000000000000000 (  65)                 .FILL x0000
(30AF) 0000  0000000000000000 (  65)                 .FILL x0000
(30B0) 0000  0000000000000000 (  65)                 .FILL x0000
(30B1) 0000  0000000000000000 (  65)                 .FILL x0000
(30B2) 0000  0000000000000000 (  65)                 .FILL x0000
(30B3) 0000  0000000000000000 (  65)                 .FILL x0000
(30B4) 0000  0000000000000000 (  65)                 .FILL x0000
(30B5) 0000  0000000000000000 (  65)                 .FILL x0000
(30B6) 0000  0000000000000000 (  65)                 .FILL x0000
(30B7) 0000  0000000000000000 (  65)                 .FILL x0000
(30B8) 0000  0000000000000000 (  65)                 .FILL x0000
(30B9) 0000  0000000000000000 (  65)                 .FILL x0000
(30BA) 0000  0000000000000000 (  65)                 .FILL x0000
(30BB) 0000  0000000000000000 (  65)                 .FILL x0000
(30BC) 0000  0000000000000000 (  65)                 .FILL x0000
(30BD) 0000  0000000000000000 (  65)                 .FILL x0000
(30BE) 0000  0000000000000000 (  65)                 .FILL x0000
(30BF) 0000  0000000000000000 (  65)                 .FILL x0000
(30C0) 0000  0000000000000000 (  65)                 .FILL x0000
(30C1) 0000  0000000000000000 (  65)                 .FILL x0000
(30C2) 0000  0000000000000000 (  65)                 .FILL x0000
(30C3) 0000  0000000000000000 (  65)                 .FILL x0000
(30C4) 0000  0000000000000000 (  65)                 .FILL x0000
(30C5) 0000  0000000000000000 (  65)                 .FILL x0000
(30C6) 0000  0000000000000000 (  65)                 .FILL x0000
(30C7) 0000  0000000000000000 (  65)                 .FILL x0000
(30C8) 0000  0000000000000000 (  65)                 .FILL x0000
(30C9) 0000  0000000000000000 (  65)                 .FILL x0000
(30CA) 0000  0000000000000000 (  65)                 .FILL x0000
(30CB) 0000  0000000000000000 (  65)                 .FILL x0000
(30CC) 0000  0000000000000000 (  65)                 .FILL x0000
(30CD) 0000  0000000000000000 (  65)                 .FILL x0000
(30CE) 0000  0000000000000000 (  65)                 .FILL x0000
(30CF) 0000  0000000000000000 (  65)                 .FILL x0000
(30D0) 0000  0000000000000000 (  65)                 .FILL x0000
(30D1) 0000  0000000000000000 (  65)                 .FILL x0000
(30D2) 0000  0000000000000000 (  65)                 .FILL x0000
(30D3) 0000  0000000000000000 (  65)                 .FILL x0000
(30D4) 0000  0000000000000000 (  65)                 .FILL x0000
(30D5) 0000  0000000000000000 (  65)                 .FILL x0000
(30D6) 0000  0000000000000000 (  65)                 .FILL x0000
(30D7) 0000  0000000000000000 (  65)                 .FILL x0000
(30D8) 0000  0000000000000000 (  65)                 .FILL x0000
(30D9) 0000  0000000000000000 (  65)                 .FILL x0000
(30DA) 0000  0000000000000000 (  65)                 .FILL x0000
(30DB) 0000  0000000000000000 (  65)                 .FILL x0000
(30DC) 0000  0000000000000000 (  65)                 .FILL x0000
(30DD) 0000  0000000000000000 (  65)                 .FILL x0000
(30DE) 0000  0000000000000000 (  65)                 .FILL x0000
(30DF) 0000  0000000000000000 (  65)                 .FILL x0000
(30E0) 0000  0000000000000000 (  65)                 .FILL x0000
(30E1) 0000  0000000000000000 (  65)                 .FILL x0000
(30E2) 0000  0000000000000000 (  65)                 .FILL x0000
(30E3) 0000  0000000000000000 (  65)                 .FILL x0000
(30E4) 0000  0000000000000000 (  65)                 .FILL x0000
(30E5) 0000  0000000000000000 (  65)                 .FILL x0000
(30E6) 0000  0000000000000000 (  65)                 .FILL x0000
(30E7) 0000  0000000000000000 (  65)                 .FILL x0000
(30E8) 0000  0000000000000000 (  65)                 .FILL x0000
(30E9) 0000  0000000000000000 (  65)                 .FILL x0000
(30EA) 0000  0000000000000000 (  65)                 .FILL x0000
(30EB) 0000  0000000000000000 (  65)                 .FILL x0000
(30EC) 0000  0000000000000000 (  65)                 .FILL x0000
(30ED) 0000  0000000000000000 (  65)                 .FILL x0000
(30EE) 0000  0000000000000000 (  65)                 .FILL x0000
(30EF) 0000  0000000000000000 (  65)                 .FILL x0000
(30F0) 0000  0000000000000000 (  65)                 .FILL x0000
(30F1) 0000  0000000000000000 (  65)                 .FILL x0000
(30F2) 0000  0000000000000000 (  65)                 .FILL x0000
(30F3) 0000  0000000000000000 (  65)                 .FILL x0000
(30F4) 0000  0000000000000000 (  65)                 .FILL x0000
(30F5) 0000  0000000000000000 (  65)                 .FILL x0000
(30F6) 0000  0000000000000000 (  65)                 .FILL x0000
(30F7) 0000  0000000000000000 (  65)                 .FILL x0000
(30F8) 0000  0000000000000000 (  65)                 .FILL x0000
(30F9) 0000  0000000000000000 (  65)                 .FILL x0000
(30FA) 0000  0000000000000000 (  65)                 .FILL x0000
(30FB) 0000  0000000000000000 (  65)                 .FILL x0000
(30FC) 0000  0000000000000000 (  65)                 .FILL x0000
(30FD) 0000  0000000000000000 (  65)                 .FILL x0000
(30FE) 0000  0000000000000000 (  65)                 .FILL x0000
(30FF) 0000  0000000000000000 (  65)                 .FILL x0000
(3100) 0000  0000000000000000 (  65)                 .FILL x0000
(3101) 0000  0000000000000000 (  65)                 .FILL x0000
(3102) 0000  0000000000000000 (  65)                 .FILL x0000
(3103) 0000  0000000000000000 (  65)                 .FILL x0000
(3104) 0000  0000000000000000 (  65)                 .FILL x0000
(3105) 0000  0000000000000000 (  65)                 .FILL x0000
(3106) 0000  0000000000000000 (  65)                 .FILL x0000
(3107) 0000  0000000000000000 (  65)                 .FILL x0000
(3108) 0000  0000000000000000 (  65)                 .FILL x0000
(3109) 0000  0000000000000000 (  65)                 .FILL x0000
(310A) 0000  0000000000000000 (  65)                 .FILL x0000
(310B) 0000  0000000000000000 (  65)                 .FILL x0000
(310C) 0000  0000000000000000 (  65)                 .FILL x0000
(310D) 0000  0000000000000000 (  65)                 .FILL x0000
(310E) 0000  0000000000000000 (  65)                 .FILL x0000
(310F) 0000  0000000000000000 (  65)                 .FILL x0000
(3110) 0000  0000000000000000 (  65)                 .FILL x0000
(3111) 0000  0000000000000000 (  65)                 .FILL x0000
(3112) 0000  0000000000000000 (  65)                 .FILL x0000
(3113) 0000  0000000000000000 (  65)                 .FILL x0000
(3114) 0000  0000000000000000 (  65)                 .FILL x0000
(3115) 0000  0000000000000000 (  65)                 .FILL x0000
(3116) 0000  0000000000000000 (  65)                 .FILL x0000
(3117) 0000  0000000000000000 (  65)                 .FILL x0000
(3118) 0000  0000000000000000 (  65)                 .FILL x0000
(3119) 0000  0000000000000000 (  65)                 .FILL x0000
(311A) 0000  0000000000000000 (  65)                 .FILL x0000
(311B) 0000  0000000000000000 (  65)                 .FILL x0000
(311C) 0000  0000000000000000 (  65)                 .FILL x0000
(311D) 0000  0000000000000000 (  65)                 .FILL x0000
(311E) 0000  0000000000000000 (  65)                 .FILL x0000
(311F) 0000  0000000000000000 (  65)                 .FILL x0000
(3120) 0000  0000000000000000 (  65)                 .FILL x0000
(3121) 0000  0000000000000000 (  65)                 .FILL x0000
(3122) 0000  0000000000000000 (  65)                 .FILL x0000
(3123) 0000  0000000000000000 (  65)                 .FILL x0000
(3124) 0000  0000000000000000 (  65)                 .FILL x0000
(3125) 0000  0000000000000000 (  65)                 .FILL x0000
(3126) 0000  0000000000000000 (  65)                 .FILL x0000
(3127) 0000  0000000000000000 (  65)                 .FILL x0000
(3128) 0000  0000000000000000 (  65)                 .FILL x0000
(3129) 0000  0000000000000000 (  65)                 .FILL x0000
(312A) 0000  0000000000000000 (  65)                 .FILL x0000
(312B) 0000  0000000000000000 (  65)                 .FILL x0000
(312C) 0000  0000000000000000 (  65)                 .FILL x0000
(312D) 0000  0000000000000000 (  65)                 .FILL x0000
(312E) 0000  0000000000000000 (  65)                 .FILL x0000
(312F) 0000  0000000000000000 (  65)                 .FILL x0000
(3130) 0000  0000000000000000 (  65)                 .FILL x0000
(3131) 0000  0000000000000000 (  65)                 .FILL x0000
(3132) 0000  0000000000000000 (  65)                 .FILL x0000
(3133) 0000  0000000000000000 (  65)                 .FILL x0000
(3134) 0000  0000000000000000 (  65)                 .FILL x0000
(3135) 0000  0000000000000000 (  65)                 .FILL x0000
(3136) 0000  0000000000000000 (  65)                 .FILL x0000
(3137) 0000  0000000000000000 (  65)                 .FILL x0000
(3138) 0000  0000000000000000 (  65)                 .FILL x0000
(3139) 0000  0000000000000000 (  65)                 .FILL x0000
(313A) 0000  0000000000000000 (  65)                 .FILL x0000
(313B) 0000  0000000000000000 (  65)                 .FILL x0000
(313C) 0000  0000000000000000 (  65)                 .FILL x0000
(313D) 0000  0000000000000000 (  65)                 .FILL x0000
(313E) 0000  0000000000000000 (  65)                 .FILL x0000
(313F) 0000  0000000000000000 (  65)                 .FILL x0000
(3140) 0000  0000000000000000 (  65)                 .FILL x0000
(3141) 0000  0000000000000000 (  65)                 .FILL x0000
(3142) 0000  0000000000000000 (  65)                 .FILL x0000
(3143) 0000  0000000000000000 (  65)                 .FILL x0000
(3144) 0000  0000000000000000 (  65)                 .FILL x0000
(3145) 0000  0000000000000000 (  65)                 .FILL x0000
(3146) 0000  0000000000000000 (  65)                 .FILL x0000
(3147) 0000  0000000000000000 (  65)                 .FILL x0000
(3148) 0000  0000000000000000 (  65)                 .FILL x0000
(3149) 0000  0000000000000000 (  65)                 .FILL x0000
(314A) 0000  0000000000000000 (  65)                 .FILL x0000
(314B) 0000  0000000000000000 (  65)                 .FILL x0000
(314C) 0000  0000000000000000 (  65)                 .FILL x0000
(314D) 0000  0000000000000000 (  65)                 .FILL x0000
(314E) 0000  0000000000000000 (  65)                 .FILL x0000
(314F) 0000  0000000000000000 (  65)                 .FILL x0000
(3150) 0000  0000000000000000 (  65)                 .FILL x0000
(3151) 0000  0000000000000000 (  65)                 .FILL x0000
(3152) 0000  0000000000000000 (  65)                 .FILL x0000
(3153) 0000  0000000000000000 (  65)                 .FILL x0000
(3154) 0000  0000000000000000 (  65)                 .FILL x0000
(3155) 0000  0000000000000000 (  65)                 .FILL x0000
(3156) 0000  0000000000000000 (  65)                 .FILL x0000
(3157) 0000  0000000000000000 (  65)                 .FILL x0000
(3158) 0000  0000000000000000 (  65)                 .FILL x0000
(3159) 0000  0000000000000000 (  65)                 .FILL x0000
(315A) 0000  0000000000000000 (  65)                 .FILL x0000
(315B) 0000  0000000000000000 (  65)                 .FILL x0000
(315C) 0000  0000000000000000 (  65)                 .FILL x0000
(315D) 0000  0000000000000000 (  65)                 .FILL x0000
(315E) 0000  0000000000000000 (  65)                 .FILL x0000
(315F) 0000  0000000000000000 (  65)                 .FILL x0000
(3160) 0000  0000000000000000 (  65)                 .FILL x0000
(3161) 0000  0000000000000000 (  65)                 .FILL x0000
(3162) 0000  0000000000000000 (  65)                 .FILL x0000
(3163) 0000  0000000000000000 (  65)                 .FILL x0000
(3164) 0000  0000000000000000 (  65)                 .FILL x0000
(3165) 0000  0000000000000000 (  65)                 .FILL x0000
(3166) 0000  0000000000000000 (  65)                 .FILL x0000
(3167) 0000  0000000000000000 (  65)                 .FILL x0000
(3168) 0000  0000000000000000 (  65)                 .FILL x0000
(3169) 0000  0000000000000000 (  65)                 .FILL x0000
(316A) 0000  0000000000000000 (  65)                 .FILL x0000
(316B) 0000  0000000000000000 (  65)                 .FILL x0000
(316C) 0000  0000000000000000 (  65)                 .FILL x0000
(316D) 0000  0000000000000000 (  65)                 .FILL x0000
(316E) 0000  0000000000000000 (  65)                 .FILL x0000
(316F) 0000  0000000000000000 (  65)                 .FILL x0000
(3170) 0000  0000000000000000 (  65)                 .FILL x0000
(3171) 0000  0000000000000000 (  65)                 .FILL x0000
(3172) 0000  0000000000000000 (  65)                 .FILL x0000
(3173) 0000  0000000000000000 (  65)                 .FILL x0000
(3174) 0000  0000000000000000 (  65)                 .FILL x0000
(3175) 0000  0000000000000000 (  65)                 .FILL x0000
(3176) 0000  0000000000000000 (  65)                 .FILL x0000
(3177) 0000  0000000000000000 (  65)                 .FILL x0000
(3178) 0000  0000000000000000 (  65)                 .FILL x0000
(3179) 0000  0000000000000000 (  65)                 .FILL x0000
(317A) 0000  0000000000000000 (  65)                 .FILL x0000
(317B) 0000  0000000000000000 (  65)                 .FILL x0000
(317C) 0000  0000000000000000 (  65)                 .FILL x0000
(317D) 0000  0000000000000000 (  65)                 .FILL x0000
(317E) 0000  0000000000000000 (  65)                 .FILL x0000
(317F) 0000  0000000000000000 (  65)                 .FILL x0000
(3180) 0000  0000000000000000 (  65)                 .FILL x0000
(3181) 0000  0000000000000000 (  65)                 .FILL x0000
(3182) 0000  0000000000000000 (  65)                 .FILL x0000
(3183) 0000  0000000000000000 (  65)                 .FILL x0000
(3184) 0000  0000000000000000 (  65)                 .FILL x0000
(3185) 0000  0000000000000000 (  65)                 .FILL x0000
(3186) 0000  0000000000000000 (  65)                 .FILL x0000
(3187) 0000  0000000000000000 (  65)                 .FILL x0000
(3188) 0000  0000000000000000 (  65)                 .FILL x0000
(3189) 0000  0000000000000000 (  65)                 .FILL x0000
(318A) 0000  0000000000000000 (  65)                 .FILL x0000
(318B) 0000  0000000000000000 (  65)                 .FILL x0000
(318C) 0000  0000000000000000 (  65)                 .FILL x0000
(318D) 0000  0000000000000000 (  65)                 .FILL x0000
(318E) 0000  0000000000000000 (  65)                 .FILL x0000
(318F) 0000  0000000000000000 (  65)                 .FILL x0000
(3190) 0000  0000000000000000 (  65)                 .FILL x0000
(3191) 0000  0000000000000000 (  65)                 .FILL x0000
(3192) 0000  0000000000000000 (  65)                 .FILL x0000
(3193) 0000  0000000000000000 (  65)                 .FILL x0000
(3194) 0000  0000000000000000 (  65)                 .FILL x0000
(3195) 0000  0000000000000000 (  65)                 .FILL x0000
(3196) 0000  0000000000000000 (  65)                 .FILL x0000
(3197) 0000  0000000000000000 (  65)                 .FILL x0000
(3198) 0000  0000000000000000 (  65)                 .FILL x0000
(3199) 0000  0000000000000000 (  65)                 .FILL x0000
(319A) 0000  0000000000000000 (  65)                 .FILL x0000
(319B) 0000  0000000000000000 (  65)                 .FILL x0000
(319C) 0000  0000000000000000 (  65)                 .FILL x0000
(319D) 0000  0000000000000000 (  65)                 .FILL x0000
(319E) 0000  0000000000000000 (  65)                 .FILL x0000
(319F) 0000  0000000000000000 (  65)                 .FILL x0000
(31A0) 0000  0000000000000000 (  65)                 .FILL x0000
(31A1) 0000  0000000000000000 (  65)                 .FILL x0000
(31A2) 0000  0000000000000000 (  65)                 .FILL x0000
(31A3) 0000  0000000000000000 (  65)                 .FILL x0000
(31A4) 0000  0000000000000000 (  65)                 .FILL x0000
(31A5) 0000  0000000000000000 (  65)                 .FILL x0000
(31A6) 0000  0000000000000000 (  65)                 .FILL x0000
(31A7) 0000  0000000000000000 (  65)                 .FILL x0000
(31A8) 0000  0000000000000000 (  65)                 .FILL x0000
(31A9) 0000  0000000000000000 (  65)                 .FILL x0000
(31AA) 0000  0000000000000000 (  65)                 .FILL x0000
(31AB) 0000  0000000000000000 (  65)                 .FILL x0000
(31AC) 0000  0000000000000000 (  65)                 .FILL x0000
(31AD) 0000  0000000000000000 (  65)                 .FILL x0000
(31AE) 0000  0000000000000000 (  65)                 .FILL x0000
(31AF) 0000  0000000000000000 (  65)                 .FILL x0000
(31B0) 0000  0000000000000000 (  65)                 .FILL x0000
(31B1) 0000  0000000000000000 (  65)                 .FILL x0000
(31B2) 0000  0000000000000000 (  65)                 .FILL x0000
(31B3) 0000  0000000000000000 (  65)                 .FILL x0000
(31B4) 0000  0000000000000000 (  65)                 .FILL x0000
(31B5) 0000  0000000000000000 (  65)                 .FILL x0000
(31B6) 0000  0000000000000000 (  65)                 .FILL x0000
(31B7) 0000  0000000000000000 (  65)                 .FILL x0000
(31B8) 0000  0000000000000000 (  65)                 .FILL x0000
(31B9) 0000  0000000000000000 (  65)                 .FILL x0000
(31BA) 0000  0000000000000000 (  65)                 .FILL x0000
(31BB) 0000  0000000000000000 (  65)                 .FILL x0000
(31BC) 0000  0000000000000000 (  65)                 .FILL x0000
(31BD) 0000  0000000000000000 (  65)                 .FILL x0000
(31BE) 0000  0000000000000000 (  65)                 .FILL x0000
(31BF) 0000  0000000000000000 (  65)                 .FILL x0000
(31C0) 0000  0000000000000000 (  65)                 .FILL x0000
(31C1) 0000  0000000000000000 (  65)                 .FILL x0000
(31C2) 0000  0000000000000000 (  65)                 .FILL x0000
(31C3) 0000  0000000000000000 (  65)                 .FILL x0000
(31C4) 0000  0000000000000000 (  65)                 .FILL x0000
(31C5) 0000  0000000000000000 (  65)                 .FILL x0000
(31C6) 0000  0000000000000000 (  65)                 .FILL x0000
(31C7) 0000  0000000000000000 (  65)                 .FILL x0000
(31C8) 0000  0000000000000000 (  65)                 .FILL x0000
(31C9) 0000  0000000000000000 (  65)                 .FILL x0000
(31CA) 0000  0000000000000000 (  65)                 .FILL x0000
(31CB) 0000  0000000000000000 (  65)                 .FILL x0000
(31CC) 0000  0000000000000000 (  65)                 .FILL x0000
(31CD) 0000  0000000000000000 (  65)                 .FILL x0000
(31CE) 0000  0000000000000000 (  65)                 .FILL x0000
(31CF) 0000  0000000000000000 (  65)                 .FILL x0000
(31D0) 0000  0000000000000000 (  65)                 .FILL x0000
(31D1) 0000  0000000000000000 (  65)                 .FILL x0000
(31D2) 0000  0000000000000000 (  65)                 .FILL x0000
(31D3) 0000  0000000000000000 (  65)                 .FILL x0000
(31D4) 0000  0000000000000000 (  65)                 .FILL x0000
(31D5) 0000  0000000000000000 (  65)                 .FILL x0000
(31D6) 0000  0000000000000000 (  65)                 .FILL x0000
(31D7) 0000  0000000000000000 (  65)                 .FILL x0000
(31D8) 0000  0000000000000000 (  65)                 .FILL x0000
(31D9) 14A1  0001010010100001 (  66) INITPOOL        ADD   R2 R2 #1
(31DA) 7480  0111010010000000 (  67)                 STR   R2 R2 #0
(31DB) 5260  0101001001100000 (  68)                 AND   R1 R1 #0
(31DC) 1284  0001001010000100 (  70) for0            ADD   R1 R2 R4
(31DD) 7240  0111001001000000 (  71)                 STR   R1 R1 #0
(31DE) 54A0  0101010010100000 (  72)                 AND   R2 R2 #0
(31DF) 1442  0001010001000010 (  73)                 ADD   R2 R1 R2
(31E0) 7280  0111001010000000 (  74)                 STR   R1 R2 #0
(31E1) 16FF  0001011011111111 (  75)                 ADD   R3 R3 #-1
(31E2) 0BF9  0000101111111001 (  76)                 BRNP  for0
(31E3) C1C0  1100000111000000 (  78)                 RET   
(31E4) 6080  0110000010000000 (  87) GETBUFFER       LDR   R0 R2 #0
(31E5) 0A03  0000101000000011 (  88)                 BRNP  Exit
(31E6) 7080  0111000010000000 (  90)                 STR   R0 R2 #0
(31E7) 14A8  0001010010101000 (  92)                 ADD   R2 R2 #8
(31E8) 14A8  0001010010101000 (  93)                 ADD   R2 R2 #8
(31E9) C1C0  1100000111000000 (  95) Exit            RET   
(31EA) 6A00  0110101000000000 ( 111) ENQUEUE         LDR   R5 R0 #0
(31EB) 0401  0000010000000001 ( 112)                 BRZ   HEAD
(31EC) 0202  0000001000000010 ( 113)                 BRP   TAIL
(31ED) 7140  0111000101000000 ( 116) HEAD            STR   R0 R5 #0
(31EE) 0E03  0000111000000011 ( 118)                 BRNZP update
(31EF) 6400  0110010000000000 ( 121) TAIL            LDR   R2 R0 #0
(31F0) 7280  0111001010000000 ( 122)                 STR   R1 R2 #0
(31F1) 7400  0111010000000000 ( 123)                 STR   R2 R0 #0
(31F2) 54A0  0101010010100000 ( 126) update          AND   R2 R2 #0
(31F3) 7440  0111010001000000 ( 127)                 STR   R2 R1 #0
(31F4) C1C0  1100000111000000 ( 129)                 RET   
(31F5) 6A00  0110101000000000 ( 143) DEQUEUE         LDR   R5 R0 #0
(31F6) 0201  0000001000000001 ( 144)                 BRP   notZero
(31F7) 0203  0000001000000011 ( 145)                 BRP   isZero
(31F8) 6140  0110000101000000 ( 148) notZero         LDR   R0 R5 #0
(31F9) 7140  0111000101000000 ( 149)                 STR   R0 R5 #0
(31FA) 0E01  0000111000000001 ( 150)                 BRNZP DQEND
(31FB) 5020  0101000000100000 ( 153) isZero          AND   R0 R0 #0
(31FC) C1C0  1100000111000000 ( 156) DQEND           RET   
(31FD) 7090  0111000010010000 ( 159)                 STR   R0 R2 #16
(31FE) 7400  0111010000000000 ( 167) FREEBUFFER      STR   R2 R0 #0
(31FF) 7080  0111000010000000 ( 168)                 STR   R0 R2 #0
(3200) C1C0  1100000111000000 ( 169)                 RET   
