(0000) 3000  0011000000000000 (   1)                 .ORIG x3000
(3000) E40F  1110010000001111 (   2) READLINE        LEA   R2 Buffer
(3001) 260D  0010011000001101 (   3)                 LD    R3 Count
(3002) 280B  0010100000001011 (   4)                 LD    R4 CRCode
(3003) F023  1111000000100011 (   7) Loop            TRAP  x23
(3004) 7080  0111000010000000 (   8)                 STR   R0 R2 #0
(3005) 14A1  0001010010100001 (   9)                 ADD   R2 R2 #1
(3006) F021  1111000000100001 (  11)                 TRAP  x21
(3007) 1100  0001000100000000 (  13)                 ADD   R0 R4 R0
(3008) 0402  0000010000000010 (  14)                 BRZ   ExitLoop
(3009) 16FF  0001011011111111 (  17)                 ADD   R3 R3 #-1
(300A) 03F8  0000001111111000 (  18)                 BRP   Loop
(300B) 5020  0101000000100000 (  23) ExitLoop        AND   R0 R0 #0
(300C) 7080  0111000010000000 (  24)                 STR   R0 R2 #0
(300D) F025  1111000000100101 (  25)                 TRAP  x25
(300E) FFF6  1111111111110110 (  27) CRCode          .FILL xFFF6
(300F) 0080  0000000010000000 (  28) Count           .FILL x0080
(3010) 0000  0000000000000000 (  31) Buffer          .FILL x0000
(3011) 0000  0000000000000000 (  31)                 .FILL x0000
(3012) 0000  0000000000000000 (  31)                 .FILL x0000
(3013) 0000  0000000000000000 (  31)                 .FILL x0000
(3014) 0000  0000000000000000 (  31)                 .FILL x0000
(3015) 0000  0000000000000000 (  31)                 .FILL x0000
(3016) 0000  0000000000000000 (  31)                 .FILL x0000
(3017) 0000  0000000000000000 (  31)                 .FILL x0000
(3018) 0000  0000000000000000 (  31)                 .FILL x0000
(3019) 0000  0000000000000000 (  31)                 .FILL x0000
(301A) 0000  0000000000000000 (  31)                 .FILL x0000
(301B) 0000  0000000000000000 (  31)                 .FILL x0000
(301C) 0000  0000000000000000 (  31)                 .FILL x0000
(301D) 0000  0000000000000000 (  31)                 .FILL x0000
(301E) 0000  0000000000000000 (  31)                 .FILL x0000
(301F) 0000  0000000000000000 (  31)                 .FILL x0000
(3020) 0000  0000000000000000 (  31)                 .FILL x0000
(3021) 0000  0000000000000000 (  31)                 .FILL x0000
(3022) 0000  0000000000000000 (  31)                 .FILL x0000
(3023) 0000  0000000000000000 (  31)                 .FILL x0000
(3024) 0000  0000000000000000 (  31)                 .FILL x0000
(3025) 0000  0000000000000000 (  31)                 .FILL x0000
(3026) 0000  0000000000000000 (  31)                 .FILL x0000
(3027) 0000  0000000000000000 (  31)                 .FILL x0000
(3028) 0000  0000000000000000 (  31)                 .FILL x0000
(3029) 0000  0000000000000000 (  31)                 .FILL x0000
(302A) 0000  0000000000000000 (  31)                 .FILL x0000
(302B) 0000  0000000000000000 (  31)                 .FILL x0000
(302C) 0000  0000000000000000 (  31)                 .FILL x0000
(302D) 0000  0000000000000000 (  31)                 .FILL x0000
(302E) 0041  0000000001000001 (  32) ENCODE_BEFORE   .FILL x0041
(302F) 0042  0000000001000010 (  33)                 .FILL x0042
(3030) 0043  0000000001000011 (  34)                 .FILL x0043
(3031) 0044  0000000001000100 (  35)                 .FILL x0044
(3032) 0045  0000000001000101 (  36)                 .FILL x0045
(3033) 0046  0000000001000110 (  37)                 .FILL x0046
(3034) 0047  0000000001000111 (  38)                 .FILL x0047
(3035) 0048  0000000001001000 (  39)                 .FILL x0048
(3036) 0049  0000000001001001 (  40)                 .FILL x0049
(3037) 004A  0000000001001010 (  41)                 .FILL x004A
(3038) 004B  0000000001001011 (  42)                 .FILL x004B
(3039) 004C  0000000001001100 (  43)                 .FILL x004C
(303A) 004D  0000000001001101 (  44)                 .FILL x004D
(303B) 004E  0000000001001110 (  45)                 .FILL x004E
(303C) 004F  0000000001001111 (  46)                 .FILL x004F
(303D) 0050  0000000001010000 (  47)                 .FILL x0050
(303E) 0051  0000000001010001 (  48)                 .FILL x0051
(303F) 0052  0000000001010010 (  49)                 .FILL x0052
(3040) 0053  0000000001010011 (  50)                 .FILL x0053
(3041) 0054  0000000001010100 (  51)                 .FILL x0054
(3042) 0055  0000000001010101 (  52)                 .FILL x0055
(3043) 0056  0000000001010110 (  53)                 .FILL x0056
(3044) 0057  0000000001010111 (  54)                 .FILL x0057
(3045) 0058  0000000001011000 (  55)                 .FILL x0058
(3046) 0059  0000000001011001 (  56)                 .FILL x0059
(3047) 005A  0000000001011010 (  57)                 .FILL x005A
(3048) 005A  0000000001011010 (  59) ENCODE_AFTER    .FILL x005A
(3049) 0059  0000000001011001 (  60)                 .FILL x0059
(304A) 0058  0000000001011000 (  61)                 .FILL x0058
(304B) 0057  0000000001010111 (  62)                 .FILL x0057
(304C) 0056  0000000001010110 (  63)                 .FILL x0056
(304D) 0055  0000000001010101 (  64)                 .FILL x0055
(304E) 0054  0000000001010100 (  65)                 .FILL x0054
(304F) 0053  0000000001010011 (  66)                 .FILL x0053
(3050) 0052  0000000001010010 (  67)                 .FILL x0052
(3051) 0051  0000000001010001 (  68)                 .FILL x0051
(3052) 0050  0000000001010000 (  69)                 .FILL x0050
(3053) 004F  0000000001001111 (  70)                 .FILL x004F
(3054) 004E  0000000001001110 (  71)                 .FILL x004E
(3055) 004D  0000000001001101 (  72)                 .FILL x004D
(3056) 004C  0000000001001100 (  73)                 .FILL x004C
(3057) 004B  0000000001001011 (  74)                 .FILL x004B
(3058) 004A  0000000001001010 (  75)                 .FILL x004A
(3059) 0049  0000000001001001 (  76)                 .FILL x0049
(305A) 0048  0000000001001000 (  77)                 .FILL x0048
(305B) 0047  0000000001000111 (  78)                 .FILL x0047
(305C) 0046  0000000001000110 (  79)                 .FILL x0046
(305D) 0045  0000000001000101 (  80)                 .FILL x0045
(305E) 0044  0000000001000100 (  81)                 .FILL x0044
(305F) 0043  0000000001000011 (  82)                 .FILL x0043
(3060) 0042  0000000001000010 (  83)                 .FILL x0042
(3061) 0041  0000000001000001 (  84)                 .FILL x0041
