(0000) 3000  0011000000000000 (   1)                 .ORIG x3000
(3000) E437  1110010000110111 (   2) READLINE        LEA   R2 Buffer
(3001) 2634  0010011000110100 (   3)                 LD    R3 Count
(3002) 2832  0010100000110010 (   4)                 LD    R4 CRCode
(3003) 2033  0010000000110011 (   5)                 LD    R0 Char
(3004) 4802  0100100000000010 (   8)                 JSR   FindAddress
(3005) 480F  0100100000001111 (   9)                 JSR   Translate
(3006) F025  1111000000100101 (  10)                 TRAP  x25
(3007) EC4E  1110110001001110 (  13) FindAddress     LEA   R6 ENCODE_BEFORE
(3008) 1DA1  0001110110100001 (  16) CLoop           ADD   R6 R6 #1
(3009) 6380  0110001110000000 (  17)                 LDR   R1 R6 #0
(300A) 927F  1001001001111111 (  18)                 NOT   R1 R1
(300B) 1261  0001001001100001 (  19)                 ADD   R1 R1 #1
(300C) 1201  0001001000000001 (  20)                 ADD   R1 R0 R1
(300D) 03FA  0000001111111010 (  21)                 BRP   CLoop
(300E) 5020  0101000000100000 (  23)                 AND   R0 R0 #0
(300F) 1180  0001000110000000 (  24)                 ADD   R0 R6 R0
(3010) EC45  1110110001000101 (  25)                 LEA   R6 ENCODE_BEFORE
(3011) 9DBF  1001110110111111 (  26)                 NOT   R6 R6
(3012) 1DA1  0001110110100001 (  27)                 ADD   R6 R6 #1
(3013) 1180  0001000110000000 (  28)                 ADD   R0 R6 R0
(3014) C1C0  1100000111000000 (  30)                 RET   
(3015) EC5B  1110110001011011 (  33) Translate       LEA   R6 ENCODE_AFTER
(3016) 1DA1  0001110110100001 (  36) TLoop           ADD   R6 R6 #1
(3017) 103F  0001000000111111 (  37)                 ADD   R0 R0 #-1
(3018) 0BFD  0000101111111101 (  38)                 BRNP  TLoop
(3019) 6180  0110000110000000 (  40)                 LDR   R0 R6 #0
(301A) C1C0  1100000111000000 (  42)                 RET   
(301B) 4FEB  0100111111101011 (  46) Encode          JSR   FindAddress
(301C) 4FF8  0100111111111000 (  47)                 JSR   Translate
(301D) C1C0  1100000111000000 (  48)                 RET   
(301E) 4802  0100100000000010 (  51) Decode          JSR   FindAddress2
(301F) 480F  0100100000001111 (  52)                 JSR   Translate2
(3020) C1C0  1100000111000000 (  53)                 RET   
(3021) EC4F  1110110001001111 (  57) FindAddress2    LEA   R6 ENCODE_AFTER
(3022) 1DA1  0001110110100001 (  60) CLoop2          ADD   R6 R6 #1
(3023) 6380  0110001110000000 (  61)                 LDR   R1 R6 #0
(3024) 927F  1001001001111111 (  62)                 NOT   R1 R1
(3025) 1261  0001001001100001 (  63)                 ADD   R1 R1 #1
(3026) 1201  0001001000000001 (  64)                 ADD   R1 R0 R1
(3027) 03FA  0000001111111010 (  65)                 BRP   CLoop2
(3028) 5020  0101000000100000 (  67)                 AND   R0 R0 #0
(3029) 1180  0001000110000000 (  68)                 ADD   R0 R6 R0
(302A) EC2B  1110110000101011 (  69)                 LEA   R6 ENCODE_BEFORE
(302B) 9DBF  1001110110111111 (  70)                 NOT   R6 R6
(302C) 1DA1  0001110110100001 (  71)                 ADD   R6 R6 #1
(302D) 1180  0001000110000000 (  72)                 ADD   R0 R6 R0
(302E) C1C0  1100000111000000 (  74)                 RET   
(302F) EC26  1110110000100110 (  77) Translate2      LEA   R6 ENCODE_BEFORE
(3030) 1DA1  0001110110100001 (  80) TLoop2          ADD   R6 R6 #1
(3031) 103F  0001000000111111 (  81)                 ADD   R0 R0 #-1
(3032) 0BFD  0000101111111101 (  82)                 BRNP  TLoop2
(3033) 6180  0110000110000000 (  84)                 LDR   R0 R6 #0
(3034) C1C0  1100000111000000 (  86)                 RET   
(3035) FFF6  1111111111110110 (  89) CRCode          .FILL xFFF6
(3036) 0080  0000000010000000 (  90) Count           .FILL x0080
(3037) 0041  0000000001000001 (  91) Char            .FILL x0041
(3038) 0000  0000000000000000 (  94) Buffer          .FILL x0000
(3039) 0000  0000000000000000 (  94)                 .FILL x0000
(303A) 0000  0000000000000000 (  94)                 .FILL x0000
(303B) 0000  0000000000000000 (  94)                 .FILL x0000
(303C) 0000  0000000000000000 (  94)                 .FILL x0000
(303D) 0000  0000000000000000 (  94)                 .FILL x0000
(303E) 0000  0000000000000000 (  94)                 .FILL x0000
(303F) 0000  0000000000000000 (  94)                 .FILL x0000
(3040) 0000  0000000000000000 (  94)                 .FILL x0000
(3041) 0000  0000000000000000 (  94)                 .FILL x0000
(3042) 0000  0000000000000000 (  94)                 .FILL x0000
(3043) 0000  0000000000000000 (  94)                 .FILL x0000
(3044) 0000  0000000000000000 (  94)                 .FILL x0000
(3045) 0000  0000000000000000 (  94)                 .FILL x0000
(3046) 0000  0000000000000000 (  94)                 .FILL x0000
(3047) 0000  0000000000000000 (  94)                 .FILL x0000
(3048) 0000  0000000000000000 (  94)                 .FILL x0000
(3049) 0000  0000000000000000 (  94)                 .FILL x0000
(304A) 0000  0000000000000000 (  94)                 .FILL x0000
(304B) 0000  0000000000000000 (  94)                 .FILL x0000
(304C) 0000  0000000000000000 (  94)                 .FILL x0000
(304D) 0000  0000000000000000 (  94)                 .FILL x0000
(304E) 0000  0000000000000000 (  94)                 .FILL x0000
(304F) 0000  0000000000000000 (  94)                 .FILL x0000
(3050) 0000  0000000000000000 (  94)                 .FILL x0000
(3051) 0000  0000000000000000 (  94)                 .FILL x0000
(3052) 0000  0000000000000000 (  94)                 .FILL x0000
(3053) 0000  0000000000000000 (  94)                 .FILL x0000
(3054) 0000  0000000000000000 (  94)                 .FILL x0000
(3055) 0000  0000000000000000 (  94)                 .FILL x0000
(3056) 0000  0000000000000000 (  94) ENCODE_BEFORE   .FILL x0000
(3057) 0041  0000000001000001 (  95)                 .FILL x0041
(3058) 0042  0000000001000010 (  96)                 .FILL x0042
(3059) 0043  0000000001000011 (  97)                 .FILL x0043
(305A) 0044  0000000001000100 (  98)                 .FILL x0044
(305B) 0045  0000000001000101 (  99)                 .FILL x0045
(305C) 0046  0000000001000110 ( 100)                 .FILL x0046
(305D) 0047  0000000001000111 ( 101)                 .FILL x0047
(305E) 0048  0000000001001000 ( 102)                 .FILL x0048
(305F) 0049  0000000001001001 ( 103)                 .FILL x0049
(3060) 004A  0000000001001010 ( 104)                 .FILL x004A
(3061) 004B  0000000001001011 ( 105)                 .FILL x004B
(3062) 004C  0000000001001100 ( 106)                 .FILL x004C
(3063) 004D  0000000001001101 ( 107)                 .FILL x004D
(3064) 004E  0000000001001110 ( 108)                 .FILL x004E
(3065) 004F  0000000001001111 ( 109)                 .FILL x004F
(3066) 0050  0000000001010000 ( 110)                 .FILL x0050
(3067) 0051  0000000001010001 ( 111)                 .FILL x0051
(3068) 0052  0000000001010010 ( 112)                 .FILL x0052
(3069) 0053  0000000001010011 ( 113)                 .FILL x0053
(306A) 0054  0000000001010100 ( 114)                 .FILL x0054
(306B) 0055  0000000001010101 ( 115)                 .FILL x0055
(306C) 0056  0000000001010110 ( 116)                 .FILL x0056
(306D) 0057  0000000001010111 ( 117)                 .FILL x0057
(306E) 0058  0000000001011000 ( 118)                 .FILL x0058
(306F) 0059  0000000001011001 ( 119)                 .FILL x0059
(3070) 005A  0000000001011010 ( 120)                 .FILL x005A
(3071) 0000  0000000000000000 ( 124) ENCODE_AFTER    .FILL x0000
(3072) 005A  0000000001011010 ( 125)                 .FILL x005A
(3073) 0059  0000000001011001 ( 126)                 .FILL x0059
(3074) 0058  0000000001011000 ( 127)                 .FILL x0058
(3075) 0057  0000000001010111 ( 128)                 .FILL x0057
(3076) 0056  0000000001010110 ( 129)                 .FILL x0056
(3077) 0055  0000000001010101 ( 130)                 .FILL x0055
(3078) 0054  0000000001010100 ( 131)                 .FILL x0054
(3079) 0053  0000000001010011 ( 132)                 .FILL x0053
(307A) 0052  0000000001010010 ( 133)                 .FILL x0052
(307B) 0051  0000000001010001 ( 134)                 .FILL x0051
(307C) 0050  0000000001010000 ( 135)                 .FILL x0050
(307D) 004F  0000000001001111 ( 136)                 .FILL x004F
(307E) 004E  0000000001001110 ( 137)                 .FILL x004E
(307F) 004D  0000000001001101 ( 138)                 .FILL x004D
(3080) 004C  0000000001001100 ( 139)                 .FILL x004C
(3081) 004B  0000000001001011 ( 140)                 .FILL x004B
(3082) 004A  0000000001001010 ( 141)                 .FILL x004A
(3083) 0049  0000000001001001 ( 142)                 .FILL x0049
(3084) 0048  0000000001001000 ( 143)                 .FILL x0048
(3085) 0047  0000000001000111 ( 144)                 .FILL x0047
(3086) 0046  0000000001000110 ( 145)                 .FILL x0046
(3087) 0045  0000000001000101 ( 146)                 .FILL x0045
(3088) 0044  0000000001000100 ( 147)                 .FILL x0044
(3089) 0043  0000000001000011 ( 148)                 .FILL x0043
(308A) 0042  0000000001000010 ( 149)                 .FILL x0042
(308B) 0041  0000000001000001 ( 150)                 .FILL x0041
